<?xml version="1.0" encoding="UTF-8"?>
<!-- Generated by org.testng.reporters.JUnitXMLReporter -->
<testsuite ignored="0" hostname="Ashwini" failures="0" tests="7" name="Default test" time="8.084" errors="0" timestamp="2023-05-12T13:29:08 IST">
  <testcase classname="authentication.Oauth2Chiken" name="getoauth" time="3.549"/>
  <testcase classname="authentication.Oauth2Chiken" name="get_the_Number_of_Eggs_Collected_Today" time="0.733"/>
  <testcase classname="authentication.Oauth2Chiken" name="retrieves_user_that_tied_to_the_access_token" time="0.828"/>
  <testcase classname="authentication.Oauth2Chiken" name="unlock_the_Barn" time="0.552"/>
  <testcase classname="authentication.Oauth2Chiken" name="put_the_Toilet_Seat_Down" time="0.501"/>
  <testcase classname="authentication.Oauth2Chiken" name="feed_Your_Chickens" time="1.064"/>
  <testcase classname="authentication.Oauth2Chiken" name="collect_Eggs_from_Your_Chickens" time="0.805"/>
</testsuite> <!-- Default test -->
